#
# A fatal error has been detected by the Java Runtime Environment:
#
#  SIGSEGV (0xb) at pc=0x00007fc8e4c30c5b, pid=8727, tid=140500618540800
#
# JRE version: Java(TM) SE Runtime Environment (7.0_71-b14) (build 1.7.0_71-b14)
# Java VM: Java HotSpot(TM) 64-Bit Server VM (24.71-b01 mixed mode linux-amd64 compressed oops)
# Problematic frame:
# V  [libjvm.so+0x557c5b]  STWGCTimer::register_gc_start(Ticks const&)+0xb
#
# Failed to write core dump. Core dumps have been disabled. To enable core dumping, try "ulimit -c unlimited" before starting Java again
#
# If you would like to submit a bug report, please visit:
#   http://bugreport.sun.com/bugreport/crash.jsp
#

---------------  T H R E A D  ---------------

Current thread (0x00007fc8e0137800):  VMThread [stack: 0x00007fc8d9657000,0x00007fc8d9758000] [id=8739]

siginfo:si_signo=SIGSEGV: si_errno=0, si_code=1 (SEGV_MAPERR), si_addr=0x0000000000000000

Registers:
RAX=0x0000000000000000, RBX=0x00007fc8e001efb0, RCX=0x0000000000000018, RDX=0x00007fc8d97568c0
RSP=0x00007fc8d9756510, RBP=0x00007fc8d9756510, RSI=0x00007fc8d97568c0, RDI=0x00007fc8e5525160
R8 =0x0000000000000000, R9 =0x0000000000000001, R10=0x0000000054d885a9, R11=0x0000000000000002
R12=0x00007fc8e00236d0, R13=0x000000000000000a, R14=0x00007fc8e55397f8, R15=0x000000000000000a
RIP=0x00007fc8e4c30c5b, EFLAGS=0x0000000000010202, CSGSFS=0x0000000000000033, ERR=0x0000000000000006
  TRAPNO=0x000000000000000e

Top of Stack: (sp=0x00007fc8d9756510)
0x00007fc8d9756510:   00007fc8d9756950 00007fc8e4f60d08
0x00007fc8d9756520:   0000000015500000 000000000a800000
0x00007fc8d9756530:   0000000000000000 000000000000000a
0x00007fc8d9756540:   00007fc8e0021ae0 00007fc8e4c31d9a
0x00007fc8d9756550:   00007fc8d97565c0 00007fc8d9756770
0x00007fc8d9756560:   00007fc8d9756730 00007fc8d9756840
0x00007fc8d9756570:   00007fc8e5523950 00007fc8e55174b9
0x00007fc8d9756580:   00007fc8d9756810 00007fc8d97568e0
0x00007fc8d9756590:   00007fc8d97567b0 00007fc8d97568d0
0x00007fc8d97565a0:   00007fc8e001efb0 00007fc80000000a
0x00007fc8d97565b0:   00007fc8e0021d10 00007fc8e0021da0
0x00007fc8d97565c0:   00007fc8e0023cb0 00007fc8e00236d0
0x00007fc8d97565d0:   000000000e3afe00 000000000a8f2e30
0x00007fc8d97565e0:   00000000a358cc10 00007fc8e0135af0
0x00007fc8d97565f0:   000000000a800000 00007fc8e00558d0
0x00007fc8d9756600:   00007fc8e00558e0 00007fc8e0055cb8
0x00007fc8d9756610:   00007fc8e0136dd0 00000000000003d8
0x00007fc8d9756620:   00000000007579fa 00000000006b1982
0x00007fc8d9756630:   0000000042c4fbf9 0000000000000000
0x00007fc8d9756640:   0000000000000004 0000000000000000
0x00007fc8d9756650:   0000000042cad74f 0000000000000000
0x00007fc8d9756660:   00007fc8d9004347 00007fc8e4f78f86
0x00007fc8d9756670:   000000132fe32aba 00007fc8d97567f0
0x00007fc8d9756680:   00007fc8d9756980 00007fc8d9756988
0x00007fc8d9756690:   00007fc8d9756978 00007fc8e00558f0
0x00007fc8d97566a0:   00007fc8dbc4c080 00007fc8e00558e0
0x00007fc8d97566b0:   00007fc8e0055cb8 00000000000003d8
0x00007fc8d97566c0:   00000000006b197a 0000000000597459
0x00007fc8d97566d0:   000000004231f264 0000000000000000
0x00007fc8d97566e0:   0043472000000002 0000000000000000
0x00007fc8d97566f0:   0000000000001b4e 0000000042c4e084
0x00007fc8d9756700:   00007fc88ace8b00 00007fc8e0094050 

Instructions: (pc=0x00007fc8e4c30c5b)
0x00007fc8e4c30c3b:   fd ff ff 66 90 55 48 83 c7 28 48 89 e5 c9 e9 a2
0x00007fc8e4c30c4b:   fd ff ff 66 90 55 48 8b 47 28 48 89 f2 48 89 e5
0x00007fc8e4c30c5b:   c7 00 00 00 00 00 c7 47 44 00 00 00 00 48 c7 47
0x00007fc8e4c30c6b:   50 00 00 00 00 48 c7 47 48 00 00 00 00 48 c7 47 

Register to memory mapping:

RAX=0x0000000000000000 is an unknown value
RBX=0x00007fc8e001efb0 is an unknown value
RCX=0x0000000000000018 is an unknown value
RDX=0x00007fc8d97568c0 is an unknown value
RSP=0x00007fc8d9756510 is an unknown value
RBP=0x00007fc8d9756510 is an unknown value
RSI=0x00007fc8d97568c0 is an unknown value
RDI=0x00007fc8e5525160: <offset 0xe4c160> in /home/mantra/Documents/softwares/jdk1.7.0_71/jre/lib/amd64/server/libjvm.so at 0x00007fc8e46d9000
R8 =0x0000000000000000 is an unknown value
R9 =0x0000000000000001 is an unknown value
R10=0x0000000054d885a9 is an unknown value
R11=0x0000000000000002 is an unknown value
R12=0x00007fc8e00236d0 is an unknown value
R13=0x000000000000000a is an unknown value
R14=0x00007fc8e55397f8: <offset 0xe607f8> in /home/mantra/Documents/softwares/jdk1.7.0_71/jre/lib/amd64/server/libjvm.so at 0x00007fc8e46d9000
R15=0x000000000000000a is an unknown value


Stack: [0x00007fc8d9657000,0x00007fc8d9758000],  sp=0x00007fc8d9756510,  free space=1021k
Native frames: (J=compiled Java code, j=interpreted, Vv=VM code, C=native code)
V  [libjvm.so+0x557c5b]  STWGCTimer::register_gc_start(Ticks const&)+0xb
V  [libjvm.so+0x887d08]